<?xml version="1.0" encoding="UTF-8"?>
<!-- Generated by org.testng.reporters.JUnitReportReporter -->
<testsuite hostname="01HW2174066" failures="0" tests="1" name="myrepos.Tesyer" time="10.078" errors="0" timestamp="2024-05-20T18:03:56 IST" skipped="0">
  <testcase classname="myrepos.Tesyer" name="RegistrationPage" time="10.078"/>
  <system-out/>
</testsuite> <!-- myrepos.Tesyer -->
