<?xml version="1.0" encoding="UTF-8"?>
<!-- Generated by org.testng.reporters.JUnitReportReporter -->
<testsuite hostname="01HW2174066" failures="0" tests="1" name="orangeHRMtest.LoginTest" time="8.141" errors="0" timestamp="2024-07-31T15:35:07 IST" skipped="0">
  <testcase classname="orangeHRMtest.LoginTest" name="Login" time="8.141"/>
  <system-out/>
</testsuite> <!-- orangeHRMtest.LoginTest -->
