<?xml version="1.0" encoding="UTF-8"?>
<!-- Generated by org.testng.reporters.JUnitReportReporter -->
<testsuite hostname="01HW2174066" failures="0" tests="1" name="orangeHRMtest.Test2" time="3.627" errors="0" timestamp="2024-08-01T15:32:31 IST" skipped="0">
  <testcase classname="orangeHRMtest.Test2" name="testcase2" time="3.627"/>
  <system-out/>
</testsuite> <!-- orangeHRMtest.Test2 -->
