<?xml version="1.0" encoding="UTF-8"?>
<!-- Generated by org.testng.reporters.JUnitReportReporter -->
<testsuite hostname="01HW2174066" failures="0" tests="1" name="myrepos.demotestng" time="0.012" errors="0" timestamp="15 May 2024 12:46:18 GMT" skipped="0">
  <testcase classname="myrepos.demotestng" name="data" time="0.012"/>
</testsuite> <!-- myrepos.demotestng -->
